Created by PLY version 3.11 (http://www.dabeaz.com/ply)

Unused terminals:

    LPAREN
    MODEL
    RPAREN
    TABLE
    TEST

Grammar

Rule 0     S' -> exp
Rule 1     exp -> CREATE ESTIMATOR WORD MODEL_TYPE WORD FORMULA FORMULA_EXP DELIMITER
Rule 2     exp -> CREATE ESTIMATOR WORD MODEL_TYPE WORD FORMULA FORMULA_EXP LOSS WORD DELIMITER
Rule 3     exp -> CREATE ESTIMATOR WORD MODEL_TYPE WORD FORMULA FORMULA_EXP LOSS WORD LEARNING_RATE FLOAT DELIMITER
Rule 4     exp -> CREATE ESTIMATOR WORD MODEL_TYPE WORD FORMULA FORMULA_EXP LOSS WORD LEARNING_RATE FLOAT OPTIMIZER WORD REGULARIZER WORD DELIMITER
Rule 5     exp -> CREATE TRAINING_PROFILE WORD WITH SQL DELIMITER
Rule 6     exp -> CREATE TRAINING_PROFILE WORD WITH SQL AND VALIDATION_SPLIT FLOAT DELIMITER
Rule 7     exp -> CREATE TRAINING_PROFILE WORD WITH SQL AND VALIDATION_SPLIT FLOAT BATCH_SIZE INT EPOCH INT DELIMITER
Rule 8     exp -> CREATE TRAINING_PROFILE WORD WITH SQL AND VALIDATION_SPLIT FLOAT BATCH_SIZE INT EPOCH INT SHUFFLE BOOL DELIMITER
Rule 9     exp -> TRAIN WORD WITH WORD DELIMITER
Rule 10    exp -> TRAIN WORD WITH TRAINING_PROFILE WORD DELIMITER
Rule 11    exp -> PREDICT WITH SQL BY ESTIMATOR WORD DELIMITER
Rule 12    exp -> PREDICT WITH TRAINING_PROFILE WORD BY ESTIMATOR WORD DELIMITER
Rule 13    exp -> CLONE ESTIMATOR WORD AS WORD DELIMITER
Rule 14    exp -> CLONE ESTIMATOR WORD AS WORD WITH WEIGHTS DELIMITER
Rule 15    exp -> USE URL DELIMITER
Rule 16    exp -> SQL DELIMITER
Rule 17    exp -> SET DEBUG BOOL DELIMITER

Terminals, with rules where they appear

AND                  : 6 7 8
AS                   : 13 14
BATCH_SIZE           : 7 8
BOOL                 : 8 17
BY                   : 11 12
CLONE                : 13 14
CREATE               : 1 2 3 4 5 6 7 8
DEBUG                : 17
DELIMITER            : 1 2 3 4 5 6 7 8 9 10 11 12 13 14 15 16 17
EPOCH                : 7 8
ESTIMATOR            : 1 2 3 4 11 12 13 14
FLOAT                : 3 4 6 7 8
FORMULA              : 1 2 3 4
FORMULA_EXP          : 1 2 3 4
INT                  : 7 7 8 8
LEARNING_RATE        : 3 4
LOSS                 : 2 3 4
LPAREN               : 
MODEL                : 
MODEL_TYPE           : 1 2 3 4
OPTIMIZER            : 4
PREDICT              : 11 12
REGULARIZER          : 4
RPAREN               : 
SET                  : 17
SHUFFLE              : 8
SQL                  : 5 6 7 8 11 16
TABLE                : 
TEST                 : 
TRAIN                : 9 10
TRAINING_PROFILE     : 5 6 7 8 10 12
URL                  : 15
USE                  : 15
VALIDATION_SPLIT     : 6 7 8
WEIGHTS              : 14
WITH                 : 5 6 7 8 9 10 11 12 14
WORD                 : 1 1 2 2 2 3 3 3 4 4 4 4 4 5 6 7 8 9 9 10 10 11 12 12 13 13 14 14
error                : 

Nonterminals, with rules where they appear

exp                  : 0

Parsing method: LALR

state 0

    (0) S' -> . exp
    (1) exp -> . CREATE ESTIMATOR WORD MODEL_TYPE WORD FORMULA FORMULA_EXP DELIMITER
    (2) exp -> . CREATE ESTIMATOR WORD MODEL_TYPE WORD FORMULA FORMULA_EXP LOSS WORD DELIMITER
    (3) exp -> . CREATE ESTIMATOR WORD MODEL_TYPE WORD FORMULA FORMULA_EXP LOSS WORD LEARNING_RATE FLOAT DELIMITER
    (4) exp -> . CREATE ESTIMATOR WORD MODEL_TYPE WORD FORMULA FORMULA_EXP LOSS WORD LEARNING_RATE FLOAT OPTIMIZER WORD REGULARIZER WORD DELIMITER
    (5) exp -> . CREATE TRAINING_PROFILE WORD WITH SQL DELIMITER
    (6) exp -> . CREATE TRAINING_PROFILE WORD WITH SQL AND VALIDATION_SPLIT FLOAT DELIMITER
    (7) exp -> . CREATE TRAINING_PROFILE WORD WITH SQL AND VALIDATION_SPLIT FLOAT BATCH_SIZE INT EPOCH INT DELIMITER
    (8) exp -> . CREATE TRAINING_PROFILE WORD WITH SQL AND VALIDATION_SPLIT FLOAT BATCH_SIZE INT EPOCH INT SHUFFLE BOOL DELIMITER
    (9) exp -> . TRAIN WORD WITH WORD DELIMITER
    (10) exp -> . TRAIN WORD WITH TRAINING_PROFILE WORD DELIMITER
    (11) exp -> . PREDICT WITH SQL BY ESTIMATOR WORD DELIMITER
    (12) exp -> . PREDICT WITH TRAINING_PROFILE WORD BY ESTIMATOR WORD DELIMITER
    (13) exp -> . CLONE ESTIMATOR WORD AS WORD DELIMITER
    (14) exp -> . CLONE ESTIMATOR WORD AS WORD WITH WEIGHTS DELIMITER
    (15) exp -> . USE URL DELIMITER
    (16) exp -> . SQL DELIMITER
    (17) exp -> . SET DEBUG BOOL DELIMITER

    CREATE          shift and go to state 2
    TRAIN           shift and go to state 4
    PREDICT         shift and go to state 5
    CLONE           shift and go to state 6
    USE             shift and go to state 7
    SQL             shift and go to state 3
    SET             shift and go to state 8

    exp                            shift and go to state 1

state 1

    (0) S' -> exp .



state 2

    (1) exp -> CREATE . ESTIMATOR WORD MODEL_TYPE WORD FORMULA FORMULA_EXP DELIMITER
    (2) exp -> CREATE . ESTIMATOR WORD MODEL_TYPE WORD FORMULA FORMULA_EXP LOSS WORD DELIMITER
    (3) exp -> CREATE . ESTIMATOR WORD MODEL_TYPE WORD FORMULA FORMULA_EXP LOSS WORD LEARNING_RATE FLOAT DELIMITER
    (4) exp -> CREATE . ESTIMATOR WORD MODEL_TYPE WORD FORMULA FORMULA_EXP LOSS WORD LEARNING_RATE FLOAT OPTIMIZER WORD REGULARIZER WORD DELIMITER
    (5) exp -> CREATE . TRAINING_PROFILE WORD WITH SQL DELIMITER
    (6) exp -> CREATE . TRAINING_PROFILE WORD WITH SQL AND VALIDATION_SPLIT FLOAT DELIMITER
    (7) exp -> CREATE . TRAINING_PROFILE WORD WITH SQL AND VALIDATION_SPLIT FLOAT BATCH_SIZE INT EPOCH INT DELIMITER
    (8) exp -> CREATE . TRAINING_PROFILE WORD WITH SQL AND VALIDATION_SPLIT FLOAT BATCH_SIZE INT EPOCH INT SHUFFLE BOOL DELIMITER

    ESTIMATOR       shift and go to state 9
    TRAINING_PROFILE shift and go to state 10


state 3

    (16) exp -> SQL . DELIMITER

    DELIMITER       shift and go to state 11


state 4

    (9) exp -> TRAIN . WORD WITH WORD DELIMITER
    (10) exp -> TRAIN . WORD WITH TRAINING_PROFILE WORD DELIMITER

    WORD            shift and go to state 12


state 5

    (11) exp -> PREDICT . WITH SQL BY ESTIMATOR WORD DELIMITER
    (12) exp -> PREDICT . WITH TRAINING_PROFILE WORD BY ESTIMATOR WORD DELIMITER

    WITH            shift and go to state 13


state 6

    (13) exp -> CLONE . ESTIMATOR WORD AS WORD DELIMITER
    (14) exp -> CLONE . ESTIMATOR WORD AS WORD WITH WEIGHTS DELIMITER

    ESTIMATOR       shift and go to state 14


state 7

    (15) exp -> USE . URL DELIMITER

    URL             shift and go to state 15


state 8

    (17) exp -> SET . DEBUG BOOL DELIMITER

    DEBUG           shift and go to state 16


state 9

    (1) exp -> CREATE ESTIMATOR . WORD MODEL_TYPE WORD FORMULA FORMULA_EXP DELIMITER
    (2) exp -> CREATE ESTIMATOR . WORD MODEL_TYPE WORD FORMULA FORMULA_EXP LOSS WORD DELIMITER
    (3) exp -> CREATE ESTIMATOR . WORD MODEL_TYPE WORD FORMULA FORMULA_EXP LOSS WORD LEARNING_RATE FLOAT DELIMITER
    (4) exp -> CREATE ESTIMATOR . WORD MODEL_TYPE WORD FORMULA FORMULA_EXP LOSS WORD LEARNING_RATE FLOAT OPTIMIZER WORD REGULARIZER WORD DELIMITER

    WORD            shift and go to state 17


state 10

    (5) exp -> CREATE TRAINING_PROFILE . WORD WITH SQL DELIMITER
    (6) exp -> CREATE TRAINING_PROFILE . WORD WITH SQL AND VALIDATION_SPLIT FLOAT DELIMITER
    (7) exp -> CREATE TRAINING_PROFILE . WORD WITH SQL AND VALIDATION_SPLIT FLOAT BATCH_SIZE INT EPOCH INT DELIMITER
    (8) exp -> CREATE TRAINING_PROFILE . WORD WITH SQL AND VALIDATION_SPLIT FLOAT BATCH_SIZE INT EPOCH INT SHUFFLE BOOL DELIMITER

    WORD            shift and go to state 18


state 11

    (16) exp -> SQL DELIMITER .

    $end            reduce using rule 16 (exp -> SQL DELIMITER .)


state 12

    (9) exp -> TRAIN WORD . WITH WORD DELIMITER
    (10) exp -> TRAIN WORD . WITH TRAINING_PROFILE WORD DELIMITER

    WITH            shift and go to state 19


state 13

    (11) exp -> PREDICT WITH . SQL BY ESTIMATOR WORD DELIMITER
    (12) exp -> PREDICT WITH . TRAINING_PROFILE WORD BY ESTIMATOR WORD DELIMITER

    SQL             shift and go to state 20
    TRAINING_PROFILE shift and go to state 21


state 14

    (13) exp -> CLONE ESTIMATOR . WORD AS WORD DELIMITER
    (14) exp -> CLONE ESTIMATOR . WORD AS WORD WITH WEIGHTS DELIMITER

    WORD            shift and go to state 22


state 15

    (15) exp -> USE URL . DELIMITER

    DELIMITER       shift and go to state 23


state 16

    (17) exp -> SET DEBUG . BOOL DELIMITER

    BOOL            shift and go to state 24


state 17

    (1) exp -> CREATE ESTIMATOR WORD . MODEL_TYPE WORD FORMULA FORMULA_EXP DELIMITER
    (2) exp -> CREATE ESTIMATOR WORD . MODEL_TYPE WORD FORMULA FORMULA_EXP LOSS WORD DELIMITER
    (3) exp -> CREATE ESTIMATOR WORD . MODEL_TYPE WORD FORMULA FORMULA_EXP LOSS WORD LEARNING_RATE FLOAT DELIMITER
    (4) exp -> CREATE ESTIMATOR WORD . MODEL_TYPE WORD FORMULA FORMULA_EXP LOSS WORD LEARNING_RATE FLOAT OPTIMIZER WORD REGULARIZER WORD DELIMITER

    MODEL_TYPE      shift and go to state 25


state 18

    (5) exp -> CREATE TRAINING_PROFILE WORD . WITH SQL DELIMITER
    (6) exp -> CREATE TRAINING_PROFILE WORD . WITH SQL AND VALIDATION_SPLIT FLOAT DELIMITER
    (7) exp -> CREATE TRAINING_PROFILE WORD . WITH SQL AND VALIDATION_SPLIT FLOAT BATCH_SIZE INT EPOCH INT DELIMITER
    (8) exp -> CREATE TRAINING_PROFILE WORD . WITH SQL AND VALIDATION_SPLIT FLOAT BATCH_SIZE INT EPOCH INT SHUFFLE BOOL DELIMITER

    WITH            shift and go to state 26


state 19

    (9) exp -> TRAIN WORD WITH . WORD DELIMITER
    (10) exp -> TRAIN WORD WITH . TRAINING_PROFILE WORD DELIMITER

    WORD            shift and go to state 27
    TRAINING_PROFILE shift and go to state 28


state 20

    (11) exp -> PREDICT WITH SQL . BY ESTIMATOR WORD DELIMITER

    BY              shift and go to state 29


state 21

    (12) exp -> PREDICT WITH TRAINING_PROFILE . WORD BY ESTIMATOR WORD DELIMITER

    WORD            shift and go to state 30


state 22

    (13) exp -> CLONE ESTIMATOR WORD . AS WORD DELIMITER
    (14) exp -> CLONE ESTIMATOR WORD . AS WORD WITH WEIGHTS DELIMITER

    AS              shift and go to state 31


state 23

    (15) exp -> USE URL DELIMITER .

    $end            reduce using rule 15 (exp -> USE URL DELIMITER .)


state 24

    (17) exp -> SET DEBUG BOOL . DELIMITER

    DELIMITER       shift and go to state 32


state 25

    (1) exp -> CREATE ESTIMATOR WORD MODEL_TYPE . WORD FORMULA FORMULA_EXP DELIMITER
    (2) exp -> CREATE ESTIMATOR WORD MODEL_TYPE . WORD FORMULA FORMULA_EXP LOSS WORD DELIMITER
    (3) exp -> CREATE ESTIMATOR WORD MODEL_TYPE . WORD FORMULA FORMULA_EXP LOSS WORD LEARNING_RATE FLOAT DELIMITER
    (4) exp -> CREATE ESTIMATOR WORD MODEL_TYPE . WORD FORMULA FORMULA_EXP LOSS WORD LEARNING_RATE FLOAT OPTIMIZER WORD REGULARIZER WORD DELIMITER

    WORD            shift and go to state 33


state 26

    (5) exp -> CREATE TRAINING_PROFILE WORD WITH . SQL DELIMITER
    (6) exp -> CREATE TRAINING_PROFILE WORD WITH . SQL AND VALIDATION_SPLIT FLOAT DELIMITER
    (7) exp -> CREATE TRAINING_PROFILE WORD WITH . SQL AND VALIDATION_SPLIT FLOAT BATCH_SIZE INT EPOCH INT DELIMITER
    (8) exp -> CREATE TRAINING_PROFILE WORD WITH . SQL AND VALIDATION_SPLIT FLOAT BATCH_SIZE INT EPOCH INT SHUFFLE BOOL DELIMITER

    SQL             shift and go to state 34


state 27

    (9) exp -> TRAIN WORD WITH WORD . DELIMITER

    DELIMITER       shift and go to state 35


state 28

    (10) exp -> TRAIN WORD WITH TRAINING_PROFILE . WORD DELIMITER

    WORD            shift and go to state 36


state 29

    (11) exp -> PREDICT WITH SQL BY . ESTIMATOR WORD DELIMITER

    ESTIMATOR       shift and go to state 37


state 30

    (12) exp -> PREDICT WITH TRAINING_PROFILE WORD . BY ESTIMATOR WORD DELIMITER

    BY              shift and go to state 38


state 31

    (13) exp -> CLONE ESTIMATOR WORD AS . WORD DELIMITER
    (14) exp -> CLONE ESTIMATOR WORD AS . WORD WITH WEIGHTS DELIMITER

    WORD            shift and go to state 39


state 32

    (17) exp -> SET DEBUG BOOL DELIMITER .

    $end            reduce using rule 17 (exp -> SET DEBUG BOOL DELIMITER .)


state 33

    (1) exp -> CREATE ESTIMATOR WORD MODEL_TYPE WORD . FORMULA FORMULA_EXP DELIMITER
    (2) exp -> CREATE ESTIMATOR WORD MODEL_TYPE WORD . FORMULA FORMULA_EXP LOSS WORD DELIMITER
    (3) exp -> CREATE ESTIMATOR WORD MODEL_TYPE WORD . FORMULA FORMULA_EXP LOSS WORD LEARNING_RATE FLOAT DELIMITER
    (4) exp -> CREATE ESTIMATOR WORD MODEL_TYPE WORD . FORMULA FORMULA_EXP LOSS WORD LEARNING_RATE FLOAT OPTIMIZER WORD REGULARIZER WORD DELIMITER

    FORMULA         shift and go to state 40


state 34

    (5) exp -> CREATE TRAINING_PROFILE WORD WITH SQL . DELIMITER
    (6) exp -> CREATE TRAINING_PROFILE WORD WITH SQL . AND VALIDATION_SPLIT FLOAT DELIMITER
    (7) exp -> CREATE TRAINING_PROFILE WORD WITH SQL . AND VALIDATION_SPLIT FLOAT BATCH_SIZE INT EPOCH INT DELIMITER
    (8) exp -> CREATE TRAINING_PROFILE WORD WITH SQL . AND VALIDATION_SPLIT FLOAT BATCH_SIZE INT EPOCH INT SHUFFLE BOOL DELIMITER

    DELIMITER       shift and go to state 41
    AND             shift and go to state 42


state 35

    (9) exp -> TRAIN WORD WITH WORD DELIMITER .

    $end            reduce using rule 9 (exp -> TRAIN WORD WITH WORD DELIMITER .)


state 36

    (10) exp -> TRAIN WORD WITH TRAINING_PROFILE WORD . DELIMITER

    DELIMITER       shift and go to state 43


state 37

    (11) exp -> PREDICT WITH SQL BY ESTIMATOR . WORD DELIMITER

    WORD            shift and go to state 44


state 38

    (12) exp -> PREDICT WITH TRAINING_PROFILE WORD BY . ESTIMATOR WORD DELIMITER

    ESTIMATOR       shift and go to state 45


state 39

    (13) exp -> CLONE ESTIMATOR WORD AS WORD . DELIMITER
    (14) exp -> CLONE ESTIMATOR WORD AS WORD . WITH WEIGHTS DELIMITER

    DELIMITER       shift and go to state 46
    WITH            shift and go to state 47


state 40

    (1) exp -> CREATE ESTIMATOR WORD MODEL_TYPE WORD FORMULA . FORMULA_EXP DELIMITER
    (2) exp -> CREATE ESTIMATOR WORD MODEL_TYPE WORD FORMULA . FORMULA_EXP LOSS WORD DELIMITER
    (3) exp -> CREATE ESTIMATOR WORD MODEL_TYPE WORD FORMULA . FORMULA_EXP LOSS WORD LEARNING_RATE FLOAT DELIMITER
    (4) exp -> CREATE ESTIMATOR WORD MODEL_TYPE WORD FORMULA . FORMULA_EXP LOSS WORD LEARNING_RATE FLOAT OPTIMIZER WORD REGULARIZER WORD DELIMITER

    FORMULA_EXP     shift and go to state 48


state 41

    (5) exp -> CREATE TRAINING_PROFILE WORD WITH SQL DELIMITER .

    $end            reduce using rule 5 (exp -> CREATE TRAINING_PROFILE WORD WITH SQL DELIMITER .)


state 42

    (6) exp -> CREATE TRAINING_PROFILE WORD WITH SQL AND . VALIDATION_SPLIT FLOAT DELIMITER
    (7) exp -> CREATE TRAINING_PROFILE WORD WITH SQL AND . VALIDATION_SPLIT FLOAT BATCH_SIZE INT EPOCH INT DELIMITER
    (8) exp -> CREATE TRAINING_PROFILE WORD WITH SQL AND . VALIDATION_SPLIT FLOAT BATCH_SIZE INT EPOCH INT SHUFFLE BOOL DELIMITER

    VALIDATION_SPLIT shift and go to state 49


state 43

    (10) exp -> TRAIN WORD WITH TRAINING_PROFILE WORD DELIMITER .

    $end            reduce using rule 10 (exp -> TRAIN WORD WITH TRAINING_PROFILE WORD DELIMITER .)


state 44

    (11) exp -> PREDICT WITH SQL BY ESTIMATOR WORD . DELIMITER

    DELIMITER       shift and go to state 50


state 45

    (12) exp -> PREDICT WITH TRAINING_PROFILE WORD BY ESTIMATOR . WORD DELIMITER

    WORD            shift and go to state 51


state 46

    (13) exp -> CLONE ESTIMATOR WORD AS WORD DELIMITER .

    $end            reduce using rule 13 (exp -> CLONE ESTIMATOR WORD AS WORD DELIMITER .)


state 47

    (14) exp -> CLONE ESTIMATOR WORD AS WORD WITH . WEIGHTS DELIMITER

    WEIGHTS         shift and go to state 52


state 48

    (1) exp -> CREATE ESTIMATOR WORD MODEL_TYPE WORD FORMULA FORMULA_EXP . DELIMITER
    (2) exp -> CREATE ESTIMATOR WORD MODEL_TYPE WORD FORMULA FORMULA_EXP . LOSS WORD DELIMITER
    (3) exp -> CREATE ESTIMATOR WORD MODEL_TYPE WORD FORMULA FORMULA_EXP . LOSS WORD LEARNING_RATE FLOAT DELIMITER
    (4) exp -> CREATE ESTIMATOR WORD MODEL_TYPE WORD FORMULA FORMULA_EXP . LOSS WORD LEARNING_RATE FLOAT OPTIMIZER WORD REGULARIZER WORD DELIMITER

    DELIMITER       shift and go to state 53
    LOSS            shift and go to state 54


state 49

    (6) exp -> CREATE TRAINING_PROFILE WORD WITH SQL AND VALIDATION_SPLIT . FLOAT DELIMITER
    (7) exp -> CREATE TRAINING_PROFILE WORD WITH SQL AND VALIDATION_SPLIT . FLOAT BATCH_SIZE INT EPOCH INT DELIMITER
    (8) exp -> CREATE TRAINING_PROFILE WORD WITH SQL AND VALIDATION_SPLIT . FLOAT BATCH_SIZE INT EPOCH INT SHUFFLE BOOL DELIMITER

    FLOAT           shift and go to state 55


state 50

    (11) exp -> PREDICT WITH SQL BY ESTIMATOR WORD DELIMITER .

    $end            reduce using rule 11 (exp -> PREDICT WITH SQL BY ESTIMATOR WORD DELIMITER .)


state 51

    (12) exp -> PREDICT WITH TRAINING_PROFILE WORD BY ESTIMATOR WORD . DELIMITER

    DELIMITER       shift and go to state 56


state 52

    (14) exp -> CLONE ESTIMATOR WORD AS WORD WITH WEIGHTS . DELIMITER

    DELIMITER       shift and go to state 57


state 53

    (1) exp -> CREATE ESTIMATOR WORD MODEL_TYPE WORD FORMULA FORMULA_EXP DELIMITER .

    $end            reduce using rule 1 (exp -> CREATE ESTIMATOR WORD MODEL_TYPE WORD FORMULA FORMULA_EXP DELIMITER .)


state 54

    (2) exp -> CREATE ESTIMATOR WORD MODEL_TYPE WORD FORMULA FORMULA_EXP LOSS . WORD DELIMITER
    (3) exp -> CREATE ESTIMATOR WORD MODEL_TYPE WORD FORMULA FORMULA_EXP LOSS . WORD LEARNING_RATE FLOAT DELIMITER
    (4) exp -> CREATE ESTIMATOR WORD MODEL_TYPE WORD FORMULA FORMULA_EXP LOSS . WORD LEARNING_RATE FLOAT OPTIMIZER WORD REGULARIZER WORD DELIMITER

    WORD            shift and go to state 58


state 55

    (6) exp -> CREATE TRAINING_PROFILE WORD WITH SQL AND VALIDATION_SPLIT FLOAT . DELIMITER
    (7) exp -> CREATE TRAINING_PROFILE WORD WITH SQL AND VALIDATION_SPLIT FLOAT . BATCH_SIZE INT EPOCH INT DELIMITER
    (8) exp -> CREATE TRAINING_PROFILE WORD WITH SQL AND VALIDATION_SPLIT FLOAT . BATCH_SIZE INT EPOCH INT SHUFFLE BOOL DELIMITER

    DELIMITER       shift and go to state 59
    BATCH_SIZE      shift and go to state 60


state 56

    (12) exp -> PREDICT WITH TRAINING_PROFILE WORD BY ESTIMATOR WORD DELIMITER .

    $end            reduce using rule 12 (exp -> PREDICT WITH TRAINING_PROFILE WORD BY ESTIMATOR WORD DELIMITER .)


state 57

    (14) exp -> CLONE ESTIMATOR WORD AS WORD WITH WEIGHTS DELIMITER .

    $end            reduce using rule 14 (exp -> CLONE ESTIMATOR WORD AS WORD WITH WEIGHTS DELIMITER .)


state 58

    (2) exp -> CREATE ESTIMATOR WORD MODEL_TYPE WORD FORMULA FORMULA_EXP LOSS WORD . DELIMITER
    (3) exp -> CREATE ESTIMATOR WORD MODEL_TYPE WORD FORMULA FORMULA_EXP LOSS WORD . LEARNING_RATE FLOAT DELIMITER
    (4) exp -> CREATE ESTIMATOR WORD MODEL_TYPE WORD FORMULA FORMULA_EXP LOSS WORD . LEARNING_RATE FLOAT OPTIMIZER WORD REGULARIZER WORD DELIMITER

    DELIMITER       shift and go to state 61
    LEARNING_RATE   shift and go to state 62


state 59

    (6) exp -> CREATE TRAINING_PROFILE WORD WITH SQL AND VALIDATION_SPLIT FLOAT DELIMITER .

    $end            reduce using rule 6 (exp -> CREATE TRAINING_PROFILE WORD WITH SQL AND VALIDATION_SPLIT FLOAT DELIMITER .)


state 60

    (7) exp -> CREATE TRAINING_PROFILE WORD WITH SQL AND VALIDATION_SPLIT FLOAT BATCH_SIZE . INT EPOCH INT DELIMITER
    (8) exp -> CREATE TRAINING_PROFILE WORD WITH SQL AND VALIDATION_SPLIT FLOAT BATCH_SIZE . INT EPOCH INT SHUFFLE BOOL DELIMITER

    INT             shift and go to state 63


state 61

    (2) exp -> CREATE ESTIMATOR WORD MODEL_TYPE WORD FORMULA FORMULA_EXP LOSS WORD DELIMITER .

    $end            reduce using rule 2 (exp -> CREATE ESTIMATOR WORD MODEL_TYPE WORD FORMULA FORMULA_EXP LOSS WORD DELIMITER .)


state 62

    (3) exp -> CREATE ESTIMATOR WORD MODEL_TYPE WORD FORMULA FORMULA_EXP LOSS WORD LEARNING_RATE . FLOAT DELIMITER
    (4) exp -> CREATE ESTIMATOR WORD MODEL_TYPE WORD FORMULA FORMULA_EXP LOSS WORD LEARNING_RATE . FLOAT OPTIMIZER WORD REGULARIZER WORD DELIMITER

    FLOAT           shift and go to state 64


state 63

    (7) exp -> CREATE TRAINING_PROFILE WORD WITH SQL AND VALIDATION_SPLIT FLOAT BATCH_SIZE INT . EPOCH INT DELIMITER
    (8) exp -> CREATE TRAINING_PROFILE WORD WITH SQL AND VALIDATION_SPLIT FLOAT BATCH_SIZE INT . EPOCH INT SHUFFLE BOOL DELIMITER

    EPOCH           shift and go to state 65


state 64

    (3) exp -> CREATE ESTIMATOR WORD MODEL_TYPE WORD FORMULA FORMULA_EXP LOSS WORD LEARNING_RATE FLOAT . DELIMITER
    (4) exp -> CREATE ESTIMATOR WORD MODEL_TYPE WORD FORMULA FORMULA_EXP LOSS WORD LEARNING_RATE FLOAT . OPTIMIZER WORD REGULARIZER WORD DELIMITER

    DELIMITER       shift and go to state 66
    OPTIMIZER       shift and go to state 67


state 65

    (7) exp -> CREATE TRAINING_PROFILE WORD WITH SQL AND VALIDATION_SPLIT FLOAT BATCH_SIZE INT EPOCH . INT DELIMITER
    (8) exp -> CREATE TRAINING_PROFILE WORD WITH SQL AND VALIDATION_SPLIT FLOAT BATCH_SIZE INT EPOCH . INT SHUFFLE BOOL DELIMITER

    INT             shift and go to state 68


state 66

    (3) exp -> CREATE ESTIMATOR WORD MODEL_TYPE WORD FORMULA FORMULA_EXP LOSS WORD LEARNING_RATE FLOAT DELIMITER .

    $end            reduce using rule 3 (exp -> CREATE ESTIMATOR WORD MODEL_TYPE WORD FORMULA FORMULA_EXP LOSS WORD LEARNING_RATE FLOAT DELIMITER .)


state 67

    (4) exp -> CREATE ESTIMATOR WORD MODEL_TYPE WORD FORMULA FORMULA_EXP LOSS WORD LEARNING_RATE FLOAT OPTIMIZER . WORD REGULARIZER WORD DELIMITER

    WORD            shift and go to state 69


state 68

    (7) exp -> CREATE TRAINING_PROFILE WORD WITH SQL AND VALIDATION_SPLIT FLOAT BATCH_SIZE INT EPOCH INT . DELIMITER
    (8) exp -> CREATE TRAINING_PROFILE WORD WITH SQL AND VALIDATION_SPLIT FLOAT BATCH_SIZE INT EPOCH INT . SHUFFLE BOOL DELIMITER

    DELIMITER       shift and go to state 70
    SHUFFLE         shift and go to state 71


state 69

    (4) exp -> CREATE ESTIMATOR WORD MODEL_TYPE WORD FORMULA FORMULA_EXP LOSS WORD LEARNING_RATE FLOAT OPTIMIZER WORD . REGULARIZER WORD DELIMITER

    REGULARIZER     shift and go to state 72


state 70

    (7) exp -> CREATE TRAINING_PROFILE WORD WITH SQL AND VALIDATION_SPLIT FLOAT BATCH_SIZE INT EPOCH INT DELIMITER .

    $end            reduce using rule 7 (exp -> CREATE TRAINING_PROFILE WORD WITH SQL AND VALIDATION_SPLIT FLOAT BATCH_SIZE INT EPOCH INT DELIMITER .)


state 71

    (8) exp -> CREATE TRAINING_PROFILE WORD WITH SQL AND VALIDATION_SPLIT FLOAT BATCH_SIZE INT EPOCH INT SHUFFLE . BOOL DELIMITER

    BOOL            shift and go to state 73


state 72

    (4) exp -> CREATE ESTIMATOR WORD MODEL_TYPE WORD FORMULA FORMULA_EXP LOSS WORD LEARNING_RATE FLOAT OPTIMIZER WORD REGULARIZER . WORD DELIMITER

    WORD            shift and go to state 74


state 73

    (8) exp -> CREATE TRAINING_PROFILE WORD WITH SQL AND VALIDATION_SPLIT FLOAT BATCH_SIZE INT EPOCH INT SHUFFLE BOOL . DELIMITER

    DELIMITER       shift and go to state 75


state 74

    (4) exp -> CREATE ESTIMATOR WORD MODEL_TYPE WORD FORMULA FORMULA_EXP LOSS WORD LEARNING_RATE FLOAT OPTIMIZER WORD REGULARIZER WORD . DELIMITER

    DELIMITER       shift and go to state 76


state 75

    (8) exp -> CREATE TRAINING_PROFILE WORD WITH SQL AND VALIDATION_SPLIT FLOAT BATCH_SIZE INT EPOCH INT SHUFFLE BOOL DELIMITER .

    $end            reduce using rule 8 (exp -> CREATE TRAINING_PROFILE WORD WITH SQL AND VALIDATION_SPLIT FLOAT BATCH_SIZE INT EPOCH INT SHUFFLE BOOL DELIMITER .)


state 76

    (4) exp -> CREATE ESTIMATOR WORD MODEL_TYPE WORD FORMULA FORMULA_EXP LOSS WORD LEARNING_RATE FLOAT OPTIMIZER WORD REGULARIZER WORD DELIMITER .

    $end            reduce using rule 4 (exp -> CREATE ESTIMATOR WORD MODEL_TYPE WORD FORMULA FORMULA_EXP LOSS WORD LEARNING_RATE FLOAT OPTIMIZER WORD REGULARIZER WORD DELIMITER .)

